2005-04-12T01:26:40 INFO(0) ZD:8391 daemonizing the process
2005-04-12T01:26:40 INFO(0) ZD:8391 set current directory: '/tmp'
2005-04-12T01:26:40 INFO(0) ZD:8391 daemon manager started
2005-04-12T01:26:40 INFO(0) ZD:8391 spawned process pid=8392
2005-04-12T01:26:41 INFO(0) ZD:8391 sleep 1 to avoid rapid restarts
2005-04-12T01:26:41 INFO(0) ZD:8391 pid 8392: exit status 1
2005-04-12T01:26:42 INFO(0) ZD:8391 spawned process pid=8393
2005-04-12T01:26:43 INFO(0) ZD:8391 sleep 2 to avoid rapid restarts
2005-04-12T01:26:43 INFO(0) ZD:8391 pid 8393: exit status 1
2005-04-12T01:26:45 INFO(0) ZD:8391 spawned process pid=8394
2005-04-12T01:26:45 INFO(0) ZD:8391 sleep 3 to avoid rapid restarts
2005-04-12T01:26:45 INFO(0) ZD:8391 pid 8394: exit status 1
2005-04-12T01:26:48 INFO(0) ZD:8391 spawned process pid=8395
2005-04-12T01:26:49 INFO(0) ZD:8391 sleep 4 to avoid rapid restarts
2005-04-12T01:26:49 INFO(0) ZD:8391 pid 8395: exit status 1
2005-04-12T01:26:53 INFO(0) ZD:8391 spawned process pid=8396
2005-04-12T01:26:54 INFO(0) ZD:8391 sleep 5 to avoid rapid restarts
2005-04-12T01:26:54 INFO(0) ZD:8391 pid 8396: exit status 1
2005-04-12T01:26:59 INFO(0) ZD:8391 spawned process pid=8397
2005-04-12T01:27:00 INFO(0) ZD:8391 sleep 6 to avoid rapid restarts
2005-04-12T01:27:00 INFO(0) ZD:8391 pid 8397: exit status 1
2005-04-12T01:27:06 INFO(0) ZD:8391 spawned process pid=8398
2005-04-12T01:27:07 INFO(0) ZD:8391 sleep 7 to avoid rapid restarts
2005-04-12T01:27:07 INFO(0) ZD:8391 pid 8398: exit status 1
2005-04-12T01:27:07 INFO(0) ZD:8391 Exiting
2005-04-12T01:27:14 INFO(0) ZD:8401 daemonizing the process
2005-04-12T01:27:14 INFO(0) ZD:8401 set current directory: '/tmp'
2005-04-12T01:27:14 INFO(0) ZD:8401 daemon manager started
2005-04-12T01:27:14 INFO(0) ZD:8401 spawned process pid=8402
2005-04-12T01:27:14 INFO(0) ZD:8401 sleep 1 to avoid rapid restarts
2005-04-12T01:27:14 INFO(0) ZD:8401 pid 8402: exit status 1
2005-04-12T01:27:15 INFO(0) ZD:8401 spawned process pid=8403
2005-04-12T01:27:16 INFO(0) ZD:8401 sleep 2 to avoid rapid restarts
2005-04-12T01:27:16 INFO(0) ZD:8401 pid 8403: exit status 1
2005-04-12T01:27:18 INFO(0) ZD:8401 spawned process pid=8404
2005-04-12T01:27:19 INFO(0) ZD:8401 sleep 3 to avoid rapid restarts
2005-04-12T01:27:19 INFO(0) ZD:8401 pid 8404: exit status 1
2005-04-12T01:27:22 INFO(0) ZD:8401 spawned process pid=8405
2005-04-12T01:27:23 INFO(0) ZD:8401 sleep 4 to avoid rapid restarts
2005-04-12T01:27:23 INFO(0) ZD:8401 pid 8405: exit status 1
2005-04-12T01:27:27 INFO(0) ZD:8401 spawned process pid=8407
2005-04-12T01:27:28 INFO(0) ZD:8401 sleep 5 to avoid rapid restarts
2005-04-12T01:27:28 INFO(0) ZD:8401 pid 8407: exit status 1
2005-04-12T01:27:33 INFO(0) ZD:8401 spawned process pid=8408
2005-04-12T01:27:33 INFO(0) ZD:8401 sleep 6 to avoid rapid restarts
2005-04-12T01:27:33 INFO(0) ZD:8401 pid 8408: exit status 1
2005-04-12T01:27:39 INFO(0) ZD:8401 spawned process pid=8410
2005-04-12T01:27:40 INFO(0) ZD:8401 sleep 7 to avoid rapid restarts
2005-04-12T01:27:40 INFO(0) ZD:8401 pid 8410: exit status 1
2005-04-12T01:27:47 INFO(0) ZD:8401 spawned process pid=8412
2005-04-12T01:27:48 INFO(0) ZD:8401 sleep 8 to avoid rapid restarts
2005-04-12T01:27:48 INFO(0) ZD:8401 pid 8412: exit status 1
2005-04-12T01:27:56 INFO(0) ZD:8401 spawned process pid=8414
2005-04-12T01:27:57 INFO(0) ZD:8401 sleep 9 to avoid rapid restarts
2005-04-12T01:27:57 INFO(0) ZD:8401 pid 8414: exit status 1
2005-04-12T01:28:06 INFO(0) ZD:8401 spawned process pid=8415
2005-04-12T01:28:07 PANIC(300) ZD:8401 restarting too frequently; quit
2005-04-12T01:29:26 INFO(0) ZD:8421 daemonizing the process
2005-04-12T01:29:26 INFO(0) ZD:8421 set current directory: '/tmp'
2005-04-12T01:29:26 INFO(0) ZD:8421 daemon manager started
2005-04-12T01:29:26 INFO(0) ZD:8421 spawned process pid=8422
2005-04-12T01:29:27 INFO(0) ZD:8421 sleep 1 to avoid rapid restarts
2005-04-12T01:29:27 INFO(0) ZD:8421 pid 8422: exit status 1
2005-04-12T01:29:28 INFO(0) ZD:8421 spawned process pid=8423
2005-04-12T01:29:29 INFO(0) ZD:8421 sleep 2 to avoid rapid restarts
2005-04-12T01:29:29 INFO(0) ZD:8421 pid 8423: exit status 1
2005-04-12T01:29:31 INFO(0) ZD:8421 spawned process pid=8424
2005-04-12T01:29:32 INFO(0) ZD:8421 sleep 3 to avoid rapid restarts
2005-04-12T01:29:32 INFO(0) ZD:8421 pid 8424: exit status 1
2005-04-12T01:29:35 INFO(0) ZD:8421 spawned process pid=8426
2005-04-12T01:29:35 INFO(0) ZD:8421 sleep 4 to avoid rapid restarts
2005-04-12T01:29:35 INFO(0) ZD:8421 pid 8426: exit status 1
2005-04-12T01:29:39 INFO(0) ZD:8421 spawned process pid=8428
2005-04-12T01:29:40 INFO(0) ZD:8421 sleep 5 to avoid rapid restarts
2005-04-12T01:29:40 INFO(0) ZD:8421 pid 8428: exit status 1
2005-04-12T01:29:45 INFO(0) ZD:8421 spawned process pid=8429
2005-04-12T01:29:46 INFO(0) ZD:8421 sleep 6 to avoid rapid restarts
2005-04-12T01:29:46 INFO(0) ZD:8421 pid 8429: exit status 1
2005-04-12T01:29:52 INFO(0) ZD:8421 spawned process pid=8431
2005-04-12T01:29:53 INFO(0) ZD:8421 sleep 7 to avoid rapid restarts
2005-04-12T01:29:53 INFO(0) ZD:8421 pid 8431: exit status 1
2005-04-12T01:30:00 INFO(0) ZD:8421 spawned process pid=8433
2005-04-12T01:30:01 INFO(0) ZD:8421 sleep 8 to avoid rapid restarts
2005-04-12T01:30:01 INFO(0) ZD:8421 pid 8433: exit status 1
2005-04-12T01:30:09 INFO(0) ZD:8421 spawned process pid=8435
2005-04-12T01:30:10 INFO(0) ZD:8421 sleep 9 to avoid rapid restarts
2005-04-12T01:30:10 INFO(0) ZD:8421 pid 8435: exit status 1
2005-04-12T01:30:19 INFO(0) ZD:8421 spawned process pid=8436
2005-04-12T01:30:19 PANIC(300) ZD:8421 restarting too frequently; quit
2005-04-12T01:32:37 INFO(0) ZD:8441 daemonizing the process
2005-04-12T01:32:37 INFO(0) ZD:8441 set current directory: '/Users/oubiwann/lab/pymon/sandbox/zodb'
2005-04-12T01:32:37 INFO(0) ZD:8441 daemon manager started
2005-04-12T01:32:37 INFO(0) ZD:8441 spawned process pid=8442
2005-04-12T01:32:38 INFO(0) ZD:8441 sleep 1 to avoid rapid restarts
2005-04-12T01:32:38 INFO(0) ZD:8441 pid 8442: exit status 1
2005-04-12T01:32:39 INFO(0) ZD:8441 spawned process pid=8443
2005-04-12T01:32:40 INFO(0) ZD:8441 sleep 2 to avoid rapid restarts
2005-04-12T01:32:40 INFO(0) ZD:8441 pid 8443: exit status 1
2005-04-12T01:32:42 INFO(0) ZD:8441 spawned process pid=8444
2005-04-12T01:32:42 INFO(0) ZD:8441 sleep 3 to avoid rapid restarts
2005-04-12T01:32:42 INFO(0) ZD:8441 pid 8444: exit status 1
2005-04-12T01:32:45 INFO(0) ZD:8441 spawned process pid=8446
2005-04-12T01:32:46 INFO(0) ZD:8441 sleep 4 to avoid rapid restarts
2005-04-12T01:32:46 INFO(0) ZD:8441 pid 8446: exit status 1
2005-04-12T01:32:50 INFO(0) ZD:8441 spawned process pid=8447
2005-04-12T01:32:51 INFO(0) ZD:8441 sleep 5 to avoid rapid restarts
2005-04-12T01:32:51 INFO(0) ZD:8441 pid 8447: exit status 1
2005-04-12T01:32:56 INFO(0) ZD:8441 spawned process pid=8449
2005-04-12T01:32:57 INFO(0) ZD:8441 sleep 6 to avoid rapid restarts
2005-04-12T01:32:57 INFO(0) ZD:8441 pid 8449: exit status 1
2005-04-12T01:33:03 INFO(0) ZD:8441 spawned process pid=8451
2005-04-12T01:33:03 INFO(0) ZD:8441 sleep 1 to avoid rapid restarts
2005-04-12T01:33:03 INFO(0) ZD:8441 pid 8451: exit status 1
2005-04-12T01:33:04 INFO(0) ZD:8441 spawned process pid=8452
2005-04-12T01:33:05 INFO(0) ZD:8441 sleep 2 to avoid rapid restarts
2005-04-12T01:33:05 INFO(0) ZD:8441 pid 8452: exit status 1
2005-04-12T01:33:07 INFO(0) ZD:8441 spawned process pid=8454
2005-04-12T01:33:08 INFO(0) ZD:8441 sleep 3 to avoid rapid restarts
2005-04-12T01:33:08 INFO(0) ZD:8441 pid 8454: exit status 1
2005-04-12T01:33:11 INFO(0) ZD:8441 spawned process pid=8455
2005-04-12T01:33:12 INFO(0) ZD:8441 sleep 4 to avoid rapid restarts
2005-04-12T01:33:12 INFO(0) ZD:8441 pid 8455: exit status 1
2005-04-12T01:33:16 INFO(0) ZD:8441 spawned process pid=8456
2005-04-12T01:33:17 INFO(0) ZD:8441 sleep 5 to avoid rapid restarts
2005-04-12T01:33:17 INFO(0) ZD:8441 pid 8456: exit status 1
2005-04-12T01:33:22 INFO(0) ZD:8441 spawned process pid=8457
2005-04-12T01:33:23 INFO(0) ZD:8441 sleep 6 to avoid rapid restarts
2005-04-12T01:33:23 INFO(0) ZD:8441 pid 8457: exit status 1
2005-04-12T01:33:23 INFO(0) ZD:8441 spawned process pid=8459
2005-04-12T01:33:24 INFO(0) ZD:8441 sleep 1 to avoid rapid restarts
2005-04-12T01:33:24 INFO(0) ZD:8441 pid 8459: exit status 1
2005-04-12T01:33:25 INFO(0) ZD:8441 spawned process pid=8460
2005-04-12T01:33:26 INFO(0) ZD:8441 sleep 2 to avoid rapid restarts
2005-04-12T01:33:26 INFO(0) ZD:8441 pid 8460: exit status 1
2005-04-12T01:33:28 INFO(0) ZD:8441 spawned process pid=8462
2005-04-12T01:33:28 INFO(0) ZD:8441 sleep 3 to avoid rapid restarts
2005-04-12T01:33:28 INFO(0) ZD:8441 pid 8462: exit status 1
2005-04-12T01:33:31 INFO(0) ZD:8441 spawned process pid=8463
2005-04-12T01:33:32 INFO(0) ZD:8441 sleep 4 to avoid rapid restarts
2005-04-12T01:33:32 INFO(0) ZD:8441 pid 8463: exit status 1
2005-04-12T01:33:36 INFO(0) ZD:8441 spawned process pid=8464
2005-04-12T01:33:37 INFO(0) ZD:8441 sleep 5 to avoid rapid restarts
2005-04-12T01:33:37 INFO(0) ZD:8441 pid 8464: exit status 1
2005-04-12T01:33:42 INFO(0) ZD:8441 spawned process pid=8466
2005-04-12T01:33:43 INFO(0) ZD:8441 sleep 6 to avoid rapid restarts
2005-04-12T01:33:43 INFO(0) ZD:8441 pid 8466: exit status 1
2005-04-12T01:33:49 INFO(0) ZD:8441 spawned process pid=8468
2005-04-12T01:33:50 INFO(0) ZD:8441 sleep 7 to avoid rapid restarts
2005-04-12T01:33:50 INFO(0) ZD:8441 pid 8468: exit status 1
2005-04-12T01:33:57 INFO(0) ZD:8441 spawned process pid=8469
2005-04-12T01:33:58 INFO(0) ZD:8441 sleep 8 to avoid rapid restarts
2005-04-12T01:33:58 INFO(0) ZD:8441 pid 8469: exit status 1
2005-04-12T01:34:06 INFO(0) ZD:8441 spawned process pid=8471
2005-04-12T01:34:06 INFO(0) ZD:8441 sleep 9 to avoid rapid restarts
2005-04-12T01:34:06 INFO(0) ZD:8441 pid 8471: exit status 1
2005-04-12T01:34:16 INFO(0) ZD:8441 spawned process pid=8472
2005-04-12T01:34:16 PANIC(300) ZD:8441 restarting too frequently; quit
2005-04-12T01:35:10 INFO(0) ZD:8475 daemon manager started
2005-04-12T01:35:10 INFO(0) ZD:8475 spawned process pid=8476
2005-04-12T01:35:11 INFO(0) ZD:8475 sleep 1 to avoid rapid restarts
2005-04-12T01:35:11 INFO(0) ZD:8475 pid 8476: exit status 1
2005-04-12T01:35:12 INFO(0) ZD:8475 spawned process pid=8477
2005-04-12T01:35:13 INFO(0) ZD:8475 sleep 2 to avoid rapid restarts
2005-04-12T01:35:13 INFO(0) ZD:8475 pid 8477: exit status 1
2005-04-12T01:35:14 PANIC(300) ZD:8475 daemon manager killed by SIGINT
2005-04-12T01:35:25 INFO(0) ZD:8479 daemon manager started
2005-04-12T01:35:25 INFO(0) ZD:8479 spawned process pid=8480
2005-04-12T01:35:31 PANIC(300) ZD:8479 daemon manager killed by SIGINT
2005-04-12T01:35:48 INFO(0) ZD:8484 daemonizing the process
2005-04-12T01:35:48 INFO(0) ZD:8484 set current directory: '/Users/oubiwann/lab/pymon/sandbox/zodb'
2005-04-12T01:35:48 INFO(0) ZD:8484 daemon manager started
2005-04-12T01:35:48 INFO(0) ZD:8484 spawned process pid=8485
2005-04-12T01:35:49 INFO(0) ZD:8484 sleep 1 to avoid rapid restarts
2005-04-12T01:35:49 INFO(0) ZD:8484 pid 8485: exit status 1
2005-04-12T01:35:50 INFO(0) ZD:8484 spawned process pid=8486
2005-04-12T01:35:51 INFO(0) ZD:8484 sleep 2 to avoid rapid restarts
2005-04-12T01:35:51 INFO(0) ZD:8484 pid 8486: exit status 1
2005-04-12T01:35:53 INFO(0) ZD:8484 spawned process pid=8487
2005-04-12T01:35:54 INFO(0) ZD:8484 sleep 3 to avoid rapid restarts
2005-04-12T01:35:54 INFO(0) ZD:8484 pid 8487: exit status 1
2005-04-12T01:35:57 INFO(0) ZD:8484 spawned process pid=8489
2005-04-12T01:35:57 INFO(0) ZD:8484 sleep 4 to avoid rapid restarts
2005-04-12T01:35:57 INFO(0) ZD:8484 pid 8489: exit status 1
2005-04-12T01:36:01 INFO(0) ZD:8484 spawned process pid=8490
2005-04-12T01:36:02 INFO(0) ZD:8484 sleep 5 to avoid rapid restarts
2005-04-12T01:36:02 INFO(0) ZD:8484 pid 8490: exit status 1
2005-04-12T01:36:07 INFO(0) ZD:8484 spawned process pid=8492
2005-04-12T01:36:07 INFO(0) ZD:8484 sleep 1 to avoid rapid restarts
2005-04-12T01:36:07 INFO(0) ZD:8484 pid 8492: exit status 1
2005-04-12T01:36:08 INFO(0) ZD:8484 spawned process pid=8493
2005-04-12T01:36:09 INFO(0) ZD:8484 sleep 2 to avoid rapid restarts
2005-04-12T01:36:09 INFO(0) ZD:8484 pid 8493: exit status 1
2005-04-12T01:36:11 INFO(0) ZD:8484 spawned process pid=8495
2005-04-12T01:36:12 INFO(0) ZD:8484 sleep 3 to avoid rapid restarts
2005-04-12T01:36:12 INFO(0) ZD:8484 pid 8495: exit status 1
2005-04-12T01:36:15 INFO(0) ZD:8484 spawned process pid=8497
2005-04-12T01:36:16 INFO(0) ZD:8484 sleep 4 to avoid rapid restarts
2005-04-12T01:36:16 INFO(0) ZD:8484 pid 8497: exit status 1
2005-04-12T01:36:20 INFO(0) ZD:8484 spawned process pid=8498
2005-04-12T01:36:21 INFO(0) ZD:8484 sleep 5 to avoid rapid restarts
2005-04-12T01:36:21 INFO(0) ZD:8484 pid 8498: exit status 1
2005-04-12T01:36:26 INFO(0) ZD:8484 spawned process pid=8499
2005-04-12T01:36:26 INFO(0) ZD:8484 sleep 6 to avoid rapid restarts
2005-04-12T01:36:26 INFO(0) ZD:8484 pid 8499: exit status 1
2005-04-12T01:36:32 INFO(0) ZD:8484 spawned process pid=8501
2005-04-12T01:36:33 INFO(0) ZD:8484 sleep 7 to avoid rapid restarts
2005-04-12T01:36:33 INFO(0) ZD:8484 pid 8501: exit status 1
2005-04-12T01:36:40 INFO(0) ZD:8484 spawned process pid=8502
2005-04-12T01:36:42 INFO(0) ZD:8484 sleep 8 to avoid rapid restarts
2005-04-12T01:36:42 INFO(0) ZD:8484 pid 8502: exit status 1
2005-04-12T01:36:50 INFO(0) ZD:8484 spawned process pid=8507
2005-04-12T01:36:50 INFO(0) ZD:8484 sleep 9 to avoid rapid restarts
2005-04-12T01:36:50 INFO(0) ZD:8484 pid 8507: exit status 1
2005-04-12T01:36:59 INFO(0) ZD:8484 spawned process pid=8508
2005-04-12T01:37:00 PANIC(300) ZD:8484 restarting too frequently; quit
2005-04-12T01:37:14 INFO(0) ZD:8513 daemonizing the process
2005-04-12T01:37:14 INFO(0) ZD:8513 set current directory: '/Users/oubiwann/lab/pymon/sandbox/zodb'
2005-04-12T01:37:14 INFO(0) ZD:8513 daemon manager started
2005-04-12T01:37:14 INFO(0) ZD:8513 spawned process pid=8514
2005-04-12T01:42:49 INFO(0) ZD:8513 pid 8514: exit status 0
2005-04-12T01:42:49 INFO(0) ZD:8513 Exiting
2005-04-12T01:43:17 INFO(0) ZD:8534 daemonizing the process
2005-04-12T01:43:17 INFO(0) ZD:8534 set current directory: '/Users/oubiwann/lab/pymon/sandbox/zodb'
2005-04-12T01:43:17 INFO(0) ZD:8534 daemon manager started
2005-04-12T01:43:17 INFO(0) ZD:8534 spawned process pid=8535
2005-04-13T16:13:15 PANIC(300) ZD:8534 daemon manager killed by SIGTERM
